{"D:\\CoderHouse\\Backend\\server-test\\src\\config\\index.ts": {"path":"D:\\CoderHouse\\Backend\\server-test\\src\\config\\index.ts","statementMap":{"0":{"start":{"line":1,"column":0},"end":{"line":1,"column":28}},"1":{"start":{"line":3,"column":0},"end":{"line":3,"column":null}},"2":{"start":{"line":5,"column":13},"end":{"line":27,"column":4}},"3":{"start":{"line":29,"column":2},"end":{"line":29,"column":22}}},"fnMap":{},"branchMap":{"0":{"loc":{"start":{"line":7,"column":22},"end":{"line":7,"column":60}},"type":"binary-expr","locations":[{"start":{"line":7,"column":22},"end":{"line":7,"column":50}},{"start":{"line":7,"column":54},"end":{"line":7,"column":60}}]},"1":{"loc":{"start":{"line":8,"column":26},"end":{"line":8,"column":67}},"type":"binary-expr","locations":[{"start":{"line":8,"column":26},"end":{"line":8,"column":58}},{"start":{"line":8,"column":62},"end":{"line":8,"column":67}}]},"2":{"loc":{"start":{"line":9,"column":25},"end":{"line":9,"column":72}},"type":"binary-expr","locations":[{"start":{"line":9,"column":25},"end":{"line":9,"column":56}},{"start":{"line":9,"column":60},"end":{"line":9,"column":72}}]},"3":{"loc":{"start":{"line":10,"column":24},"end":{"line":10,"column":66}},"type":"binary-expr","locations":[{"start":{"line":10,"column":24},"end":{"line":10,"column":54}},{"start":{"line":10,"column":58},"end":{"line":10,"column":66}}]},"4":{"loc":{"start":{"line":11,"column":24},"end":{"line":11,"column":71}},"type":"binary-expr","locations":[{"start":{"line":11,"column":24},"end":{"line":11,"column":54}},{"start":{"line":11,"column":58},"end":{"line":11,"column":71}}]},"5":{"loc":{"start":{"line":13,"column":23},"end":{"line":13,"column":66}},"type":"binary-expr","locations":[{"start":{"line":13,"column":23},"end":{"line":13,"column":52}},{"start":{"line":13,"column":56},"end":{"line":13,"column":66}}]},"6":{"loc":{"start":{"line":14,"column":20},"end":{"line":14,"column":57}},"type":"binary-expr","locations":[{"start":{"line":14,"column":20},"end":{"line":14,"column":46}},{"start":{"line":14,"column":50},"end":{"line":14,"column":57}}]},"7":{"loc":{"start":{"line":15,"column":23},"end":{"line":15,"column":66}},"type":"binary-expr","locations":[{"start":{"line":15,"column":23},"end":{"line":15,"column":52}},{"start":{"line":15,"column":56},"end":{"line":15,"column":66}}]},"8":{"loc":{"start":{"line":17,"column":16},"end":{"line":17,"column":52}},"type":"binary-expr","locations":[{"start":{"line":17,"column":16},"end":{"line":17,"column":38}},{"start":{"line":17,"column":42},"end":{"line":17,"column":52}}]},"9":{"loc":{"start":{"line":18,"column":17},"end":{"line":18,"column":51}},"type":"binary-expr","locations":[{"start":{"line":18,"column":17},"end":{"line":18,"column":40}},{"start":{"line":18,"column":44},"end":{"line":18,"column":51}}]},"10":{"loc":{"start":{"line":19,"column":20},"end":{"line":19,"column":60}},"type":"binary-expr","locations":[{"start":{"line":19,"column":20},"end":{"line":19,"column":46}},{"start":{"line":19,"column":50},"end":{"line":19,"column":60}}]},"11":{"loc":{"start":{"line":21,"column":23},"end":{"line":21,"column":61}},"type":"binary-expr","locations":[{"start":{"line":21,"column":23},"end":{"line":21,"column":53}},{"start":{"line":21,"column":57},"end":{"line":21,"column":61}}]},"12":{"loc":{"start":{"line":22,"column":18},"end":{"line":22,"column":58}},"type":"binary-expr","locations":[{"start":{"line":22,"column":18},"end":{"line":22,"column":47}},{"start":{"line":22,"column":51},"end":{"line":22,"column":58}}]},"13":{"loc":{"start":{"line":23,"column":22},"end":{"line":23,"column":67}},"type":"binary-expr","locations":[{"start":{"line":23,"column":22},"end":{"line":23,"column":50}},{"start":{"line":23,"column":54},"end":{"line":23,"column":67}}]},"14":{"loc":{"start":{"line":25,"column":27},"end":{"line":25,"column":77}},"type":"binary-expr","locations":[{"start":{"line":25,"column":27},"end":{"line":25,"column":60}},{"start":{"line":25,"column":64},"end":{"line":25,"column":77}}]},"15":{"loc":{"start":{"line":26,"column":28},"end":{"line":26,"column":79}},"type":"binary-expr","locations":[{"start":{"line":26,"column":28},"end":{"line":26,"column":62}},{"start":{"line":26,"column":66},"end":{"line":26,"column":79}}]}},"s":{"0":1,"1":1,"2":1,"3":1},"f":{},"b":{"0":[1,0],"1":[1,0],"2":[1,0],"3":[1,0],"4":[1,0],"5":[1,1],"6":[1,1],"7":[1,1],"8":[1,0],"9":[1,0],"10":[1,0],"11":[1,0],"12":[1,0],"13":[1,1],"14":[1,1],"15":[1,1]}}
,"D:\\CoderHouse\\Backend\\server-test\\src\\controllers\\userDAO.ts": {"path":"D:\\CoderHouse\\Backend\\server-test\\src\\controllers\\userDAO.ts","statementMap":{"0":{"start":{"line":1,"column":0},"end":{"line":1,"column":45}},"1":{"start":{"line":2,"column":0},"end":{"line":2,"column":47}},"2":{"start":{"line":4,"column":0},"end":{"line":4,"column":32}},"3":{"start":{"line":5,"column":0},"end":{"line":5,"column":36}},"4":{"start":{"line":10,"column":2},"end":{"line":10,"column":null}},"5":{"start":{"line":11,"column":2},"end":{"line":11,"column":16}},"6":{"start":{"line":16,"column":4},"end":{"line":21,"column":null}},"7":{"start":{"line":17,"column":6},"end":{"line":17,"column":48}},"8":{"start":{"line":18,"column":6},"end":{"line":18,"column":36}},"9":{"start":{"line":19,"column":6},"end":{"line":19,"column":39}},"10":{"start":{"line":22,"column":4},"end":{"line":22,"column":28}},"11":{"start":{"line":26,"column":4},"end":{"line":26,"column":null}},"12":{"start":{"line":30,"column":31},"end":{"line":30,"column":33}},"13":{"start":{"line":32,"column":4},"end":{"line":39,"column":null}},"14":{"start":{"line":33,"column":6},"end":{"line":36,"column":null}},"15":{"start":{"line":34,"column":25},"end":{"line":34,"column":57}},"16":{"start":{"line":35,"column":8},"end":{"line":35,"column":44}},"17":{"start":{"line":35,"column":22},"end":{"line":35,"column":44}},"18":{"start":{"line":38,"column":6},"end":{"line":38,"column":41}},"19":{"start":{"line":41,"column":4},"end":{"line":41,"column":18}},"20":{"start":{"line":45,"column":20},"end":{"line":45,"column":51}},"21":{"start":{"line":46,"column":4},"end":{"line":46,"column":38}},"22":{"start":{"line":47,"column":4},"end":{"line":47,"column":null}},"23":{"start":{"line":48,"column":4},"end":{"line":48,"column":19}},"24":{"start":{"line":52,"column":4},"end":{"line":52,"column":46}},"25":{"start":{"line":56,"column":4},"end":{"line":56,"column":36}},"26":{"start":{"line":7,"column":0},"end":{"line":7,"column":21}}},"fnMap":{"0":{"name":"(anonymous_8)","decl":{"start":{"line":13,"column":2},"end":{"line":13,"column":25}},"loc":{"start":{"line":13,"column":2},"end":{"line":13,"column":26}}},"1":{"name":"(anonymous_9)","decl":{"start":{"line":15,"column":2},"end":{"line":15,"column":8}},"loc":{"start":{"line":15,"column":26},"end":{"line":23,"column":null}}},"2":{"name":"(anonymous_11)","decl":{"start":{"line":25,"column":9},"end":{"line":25,"column":19}},"loc":{"start":{"line":25,"column":19},"end":{"line":27,"column":null}}},"3":{"name":"(anonymous_13)","decl":{"start":{"line":29,"column":8},"end":{"line":29,"column":11}},"loc":{"start":{"line":29,"column":20},"end":{"line":42,"column":null}}},"4":{"name":"(anonymous_15)","decl":{"start":{"line":44,"column":8},"end":{"line":44,"column":11}},"loc":{"start":{"line":44,"column":28},"end":{"line":49,"column":null}}},"5":{"name":"(anonymous_17)","decl":{"start":{"line":51,"column":8},"end":{"line":51,"column":14}},"loc":{"start":{"line":51,"column":43},"end":{"line":53,"column":null}}},"6":{"name":"(anonymous_19)","decl":{"start":{"line":55,"column":8},"end":{"line":55,"column":14}},"loc":{"start":{"line":55,"column":22},"end":{"line":57,"column":null}}}},"branchMap":{"0":{"loc":{"start":{"line":16,"column":4},"end":{"line":21,"column":null}},"type":"if","locations":[{"start":{"line":16,"column":4},"end":{"line":21,"column":null}}]},"1":{"loc":{"start":{"line":32,"column":4},"end":{"line":39,"column":null}},"type":"if","locations":[{"start":{"line":32,"column":4},"end":{"line":39,"column":null}},{"start":{"line":37,"column":11},"end":{"line":39,"column":null}}]},"2":{"loc":{"start":{"line":33,"column":6},"end":{"line":36,"column":null}},"type":"if","locations":[{"start":{"line":33,"column":6},"end":{"line":36,"column":null}}]},"3":{"loc":{"start":{"line":35,"column":8},"end":{"line":35,"column":44}},"type":"if","locations":[{"start":{"line":35,"column":8},"end":{"line":35,"column":44}}]}},"s":{"0":1,"1":1,"2":1,"3":1,"4":1,"5":1,"6":1,"7":1,"8":1,"9":1,"10":1,"11":1,"12":3,"13":3,"14":2,"15":2,"16":2,"17":1,"18":1,"19":3,"20":1,"21":1,"22":1,"23":1,"24":1,"25":1,"26":1},"f":{"0":1,"1":1,"2":1,"3":3,"4":1,"5":1,"6":1},"b":{"0":[1],"1":[2,1],"2":[2],"3":[1]}}
,"D:\\CoderHouse\\Backend\\server-test\\src\\models\\users.ts": {"path":"D:\\CoderHouse\\Backend\\server-test\\src\\models\\users.ts","statementMap":{"0":{"start":{"line":1,"column":0},"end":{"line":1,"column":32}},"1":{"start":{"line":2,"column":0},"end":{"line":2,"column":47}},"2":{"start":{"line":3,"column":0},"end":{"line":3,"column":28}},"3":{"start":{"line":4,"column":0},"end":{"line":4,"column":83}},"4":{"start":{"line":18,"column":13},"end":{"line":18,"column":null}},"5":{"start":{"line":20,"column":19},"end":{"line":30,"column":22}},"6":{"start":{"line":32,"column":0},"end":{"line":38,"column":null}},"7":{"start":{"line":34,"column":17},"end":{"line":34,"column":21}},"8":{"start":{"line":35,"column":17},"end":{"line":35,"column":53}},"9":{"start":{"line":36,"column":4},"end":{"line":36,"column":null}},"10":{"start":{"line":37,"column":4},"end":{"line":37,"column":null}},"11":{"start":{"line":40,"column":0},"end":{"line":44,"column":null}},"12":{"start":{"line":41,"column":17},"end":{"line":41,"column":21}},"13":{"start":{"line":42,"column":20},"end":{"line":42,"column":65}},"14":{"start":{"line":43,"column":4},"end":{"line":43,"column":null}},"15":{"start":{"line":46,"column":13},"end":{"line":46,"column":null}},"16":{"start":{"line":53,"column":8},"end":{"line":53,"column":null}},"17":{"start":{"line":54,"column":8},"end":{"line":54,"column":null}},"18":{"start":{"line":58,"column":8},"end":{"line":58,"column":null}},"19":{"start":{"line":62,"column":8},"end":{"line":62,"column":null}},"20":{"start":{"line":66,"column":8},"end":{"line":72,"column":null}},"21":{"start":{"line":67,"column":29},"end":{"line":67,"column":52}},"22":{"start":{"line":68,"column":12},"end":{"line":68,"column":null}},"23":{"start":{"line":70,"column":12},"end":{"line":70,"column":null}},"24":{"start":{"line":71,"column":12},"end":{"line":71,"column":null}},"25":{"start":{"line":76,"column":8},"end":{"line":82,"column":null}},"26":{"start":{"line":77,"column":29},"end":{"line":77,"column":58}},"27":{"start":{"line":78,"column":12},"end":{"line":78,"column":null}},"28":{"start":{"line":80,"column":12},"end":{"line":80,"column":null}},"29":{"start":{"line":81,"column":12},"end":{"line":81,"column":null}},"30":{"start":{"line":86,"column":8},"end":{"line":92,"column":null}},"31":{"start":{"line":87,"column":29},"end":{"line":87,"column":71}},"32":{"start":{"line":88,"column":12},"end":{"line":88,"column":null}},"33":{"start":{"line":90,"column":12},"end":{"line":90,"column":null}},"34":{"start":{"line":91,"column":12},"end":{"line":91,"column":null}},"35":{"start":{"line":96,"column":8},"end":{"line":103,"column":null}},"36":{"start":{"line":97,"column":28},"end":{"line":97,"column":48}},"37":{"start":{"line":98,"column":12},"end":{"line":98,"column":null}},"38":{"start":{"line":99,"column":12},"end":{"line":99,"column":null}},"39":{"start":{"line":101,"column":12},"end":{"line":101,"column":null}},"40":{"start":{"line":102,"column":12},"end":{"line":102,"column":null}},"41":{"start":{"line":107,"column":8},"end":{"line":113,"column":null}},"42":{"start":{"line":108,"column":29},"end":{"line":108,"column":88}},"43":{"start":{"line":109,"column":12},"end":{"line":109,"column":null}},"44":{"start":{"line":111,"column":12},"end":{"line":111,"column":null}},"45":{"start":{"line":112,"column":12},"end":{"line":112,"column":null}},"46":{"start":{"line":117,"column":25},"end":{"line":117,"column":72}},"47":{"start":{"line":118,"column":8},"end":{"line":118,"column":null}},"48":{"start":{"line":118,"column":23},"end":{"line":118,"column":null}},"49":{"start":{"line":119,"column":24},"end":{"line":119,"column":73}},"50":{"start":{"line":120,"column":8},"end":{"line":120,"column":null}},"51":{"start":{"line":120,"column":22},"end":{"line":120,"column":null}},"52":{"start":{"line":121,"column":8},"end":{"line":121,"column":null}},"53":{"start":{"line":125,"column":8},"end":{"line":131,"column":null}},"54":{"start":{"line":126,"column":29},"end":{"line":126,"column":67}},"55":{"start":{"line":127,"column":12},"end":{"line":127,"column":null}},"56":{"start":{"line":129,"column":12},"end":{"line":129,"column":null}},"57":{"start":{"line":130,"column":12},"end":{"line":130,"column":null}},"58":{"start":{"line":135,"column":14},"end":{"line":135,"column":25}},"59":{"start":{"line":136,"column":0},"end":{"line":136,"column":null}}},"fnMap":{"0":{"name":"(anonymous_8)","decl":{"start":{"line":32,"column":23},"end":{"line":32,"column":39}},"loc":{"start":{"line":32,"column":43},"end":{"line":38,"column":2}}},"1":{"name":"(anonymous_10)","decl":{"start":{"line":40,"column":37},"end":{"line":40,"column":53}},"loc":{"start":{"line":40,"column":69},"end":{"line":44,"column":null}}},"2":{"name":"(anonymous_12)","decl":{"start":{"line":52,"column":4},"end":{"line":52,"column":null}},"loc":{"start":{"line":52,"column":4},"end":{"line":55,"column":5}}},"3":{"name":"(anonymous_13)","decl":{"start":{"line":57,"column":10},"end":{"line":57,"column":24}},"loc":{"start":{"line":57,"column":24},"end":{"line":59,"column":null}}},"4":{"name":"(anonymous_15)","decl":{"start":{"line":61,"column":10},"end":{"line":61,"column":24}},"loc":{"start":{"line":61,"column":24},"end":{"line":63,"column":null}}},"5":{"name":"(anonymous_17)","decl":{"start":{"line":65,"column":10},"end":{"line":65,"column":17}},"loc":{"start":{"line":65,"column":17},"end":{"line":73,"column":null}}},"6":{"name":"(anonymous_19)","decl":{"start":{"line":75,"column":10},"end":{"line":75,"column":21}},"loc":{"start":{"line":75,"column":32},"end":{"line":83,"column":null}}},"7":{"name":"(anonymous_21)","decl":{"start":{"line":85,"column":10},"end":{"line":85,"column":24}},"loc":{"start":{"line":85,"column":38},"end":{"line":93,"column":null}}},"8":{"name":"(anonymous_23)","decl":{"start":{"line":95,"column":10},"end":{"line":95,"column":18}},"loc":{"start":{"line":95,"column":35},"end":{"line":104,"column":null}}},"9":{"name":"(anonymous_25)","decl":{"start":{"line":106,"column":10},"end":{"line":106,"column":20}},"loc":{"start":{"line":106,"column":46},"end":{"line":114,"column":null}}},"10":{"name":"(anonymous_27)","decl":{"start":{"line":116,"column":10},"end":{"line":116,"column":30}},"loc":{"start":{"line":116,"column":65},"end":{"line":122,"column":null}}},"11":{"name":"(anonymous_29)","decl":{"start":{"line":124,"column":10},"end":{"line":124,"column":20}},"loc":{"start":{"line":124,"column":31},"end":{"line":132,"column":null}}}},"branchMap":{"0":{"loc":{"start":{"line":118,"column":8},"end":{"line":118,"column":null}},"type":"if","locations":[{"start":{"line":118,"column":8},"end":{"line":118,"column":null}}]},"1":{"loc":{"start":{"line":120,"column":8},"end":{"line":120,"column":null}},"type":"if","locations":[{"start":{"line":120,"column":8},"end":{"line":120,"column":null}}]}},"s":{"0":1,"1":1,"2":1,"3":1,"4":1,"5":1,"6":1,"7":4,"8":4,"9":4,"10":4,"11":1,"12":0,"13":0,"14":0,"15":1,"16":1,"17":1,"18":0,"19":0,"20":0,"21":0,"22":0,"23":0,"24":0,"25":2,"26":2,"27":2,"28":0,"29":0,"30":0,"31":0,"32":0,"33":0,"34":0,"35":1,"36":1,"37":1,"38":1,"39":0,"40":0,"41":1,"42":1,"43":1,"44":0,"45":0,"46":0,"47":0,"48":0,"49":0,"50":0,"51":0,"52":0,"53":1,"54":1,"55":1,"56":0,"57":0,"58":1,"59":1},"f":{"0":4,"1":0,"2":1,"3":0,"4":0,"5":0,"6":2,"7":0,"8":1,"9":1,"10":0,"11":1},"b":{"0":[0],"1":[0]}}
,"D:\\CoderHouse\\Backend\\server-test\\src\\utils\\loggers.ts": {"path":"D:\\CoderHouse\\Backend\\server-test\\src\\utils\\loggers.ts","statementMap":{"0":{"start":{"line":1,"column":0},"end":{"line":1,"column":28}},"1":{"start":{"line":4,"column":0},"end":{"line":21,"column":5}},"2":{"start":{"line":23,"column":15},"end":{"line":23,"column":null}},"3":{"start":{"line":24,"column":15},"end":{"line":24,"column":53}},"4":{"start":{"line":25,"column":15},"end":{"line":25,"column":53}},"5":{"start":{"line":26,"column":15},"end":{"line":26,"column":55}}},"fnMap":{},"branchMap":{},"s":{"0":1,"1":1,"2":1,"3":1,"4":1,"5":1},"f":{},"b":{}}
,"D:\\CoderHouse\\Backend\\server-test\\src\\utils\\mongoConnection.ts": {"path":"D:\\CoderHouse\\Backend\\server-test\\src\\utils\\mongoConnection.ts","statementMap":{"0":{"start":{"line":1,"column":0},"end":{"line":1,"column":32}},"1":{"start":{"line":2,"column":0},"end":{"line":2,"column":31}},"2":{"start":{"line":4,"column":0},"end":{"line":4,"column":null}},"3":{"start":{"line":5,"column":13},"end":{"line":5,"column":null}},"4":{"start":{"line":6,"column":0},"end":{"line":6,"column":64}},"5":{"start":{"line":13,"column":8},"end":{"line":13,"column":null}},"6":{"start":{"line":14,"column":8},"end":{"line":14,"column":null}},"7":{"start":{"line":18,"column":8},"end":{"line":32,"column":null}},"8":{"start":{"line":19,"column":12},"end":{"line":19,"column":null}},"9":{"start":{"line":21,"column":12},"end":{"line":21,"column":null}},"10":{"start":{"line":22,"column":12},"end":{"line":30,"column":null}},"11":{"start":{"line":23,"column":16},"end":{"line":23,"column":null}},"12":{"start":{"line":24,"column":16},"end":{"line":24,"column":null}},"13":{"start":{"line":25,"column":16},"end":{"line":25,"column":null}},"14":{"start":{"line":26,"column":16},"end":{"line":26,"column":null}},"15":{"start":{"line":28,"column":16},"end":{"line":28,"column":null}},"16":{"start":{"line":29,"column":16},"end":{"line":29,"column":null}},"17":{"start":{"line":31,"column":12},"end":{"line":31,"column":null}},"18":{"start":{"line":35,"column":8},"end":{"line":35,"column":null}},"19":{"start":{"line":39,"column":16},"end":{"line":39,"column":34}},"20":{"start":{"line":40,"column":0},"end":{"line":40,"column":null}}},"fnMap":{"0":{"name":"(anonymous_8)","decl":{"start":{"line":12,"column":4},"end":{"line":12,"column":null}},"loc":{"start":{"line":12,"column":4},"end":{"line":15,"column":5}}},"1":{"name":"(anonymous_9)","decl":{"start":{"line":17,"column":10},"end":{"line":17,"column":23}},"loc":{"start":{"line":17,"column":23},"end":{"line":33,"column":null}}},"2":{"name":"(anonymous_11)","decl":{"start":{"line":34,"column":4},"end":{"line":34,"column":19}},"loc":{"start":{"line":34,"column":19},"end":{"line":36,"column":5}}}},"branchMap":{"0":{"loc":{"start":{"line":18,"column":8},"end":{"line":32,"column":null}},"type":"if","locations":[{"start":{"line":18,"column":8},"end":{"line":32,"column":null}},{"start":{"line":20,"column":15},"end":{"line":32,"column":null}}]}},"s":{"0":1,"1":1,"2":1,"3":1,"4":1,"5":1,"6":1,"7":2,"8":1,"9":1,"10":1,"11":1,"12":1,"13":1,"14":1,"15":0,"16":0,"17":0,"18":0,"19":1,"20":1},"f":{"0":1,"1":2,"2":0},"b":{"0":[1,1]}}
}
