TN:
SF:src\config\index.ts
FNF:0
FNH:0
DA:1,1
DA:3,1
DA:5,1
DA:29,1
LF:4
LH:4
BRDA:7,0,0,1
BRDA:7,0,1,0
BRDA:8,1,0,1
BRDA:8,1,1,0
BRDA:9,2,0,1
BRDA:9,2,1,0
BRDA:10,3,0,1
BRDA:10,3,1,0
BRDA:11,4,0,1
BRDA:11,4,1,0
BRDA:13,5,0,1
BRDA:13,5,1,1
BRDA:14,6,0,1
BRDA:14,6,1,1
BRDA:15,7,0,1
BRDA:15,7,1,1
BRDA:17,8,0,1
BRDA:17,8,1,0
BRDA:18,9,0,1
BRDA:18,9,1,0
BRDA:19,10,0,1
BRDA:19,10,1,0
BRDA:21,11,0,1
BRDA:21,11,1,0
BRDA:22,12,0,1
BRDA:22,12,1,0
BRDA:23,13,0,1
BRDA:23,13,1,1
BRDA:25,14,0,1
BRDA:25,14,1,1
BRDA:26,15,0,1
BRDA:26,15,1,1
BRF:32
BRH:22
end_of_record
TN:
SF:src\controllers\userDAO.ts
FN:13,(anonymous_8)
FN:15,(anonymous_9)
FN:25,(anonymous_11)
FN:29,(anonymous_13)
FN:44,(anonymous_15)
FN:51,(anonymous_17)
FN:55,(anonymous_19)
FNF:7
FNH:7
FNDA:1,(anonymous_8)
FNDA:1,(anonymous_9)
FNDA:1,(anonymous_11)
FNDA:3,(anonymous_13)
FNDA:1,(anonymous_15)
FNDA:1,(anonymous_17)
FNDA:1,(anonymous_19)
DA:1,1
DA:2,1
DA:4,1
DA:5,1
DA:7,1
DA:10,1
DA:11,1
DA:16,1
DA:17,1
DA:18,1
DA:19,1
DA:22,1
DA:26,1
DA:30,3
DA:32,3
DA:33,2
DA:34,2
DA:35,2
DA:38,1
DA:41,3
DA:45,1
DA:46,1
DA:47,1
DA:48,1
DA:52,1
DA:56,1
LF:26
LH:26
BRDA:16,0,0,1
BRDA:32,1,0,2
BRDA:32,1,1,1
BRDA:33,2,0,2
BRDA:35,3,0,1
BRF:5
BRH:5
end_of_record
TN:
SF:src\models\users.ts
FN:32,(anonymous_8)
FN:40,(anonymous_10)
FN:52,(anonymous_12)
FN:57,(anonymous_13)
FN:61,(anonymous_15)
FN:65,(anonymous_17)
FN:75,(anonymous_19)
FN:85,(anonymous_21)
FN:95,(anonymous_23)
FN:106,(anonymous_25)
FN:116,(anonymous_27)
FN:124,(anonymous_29)
FNF:12
FNH:6
FNDA:4,(anonymous_8)
FNDA:0,(anonymous_10)
FNDA:1,(anonymous_12)
FNDA:0,(anonymous_13)
FNDA:0,(anonymous_15)
FNDA:0,(anonymous_17)
FNDA:2,(anonymous_19)
FNDA:0,(anonymous_21)
FNDA:1,(anonymous_23)
FNDA:1,(anonymous_25)
FNDA:0,(anonymous_27)
FNDA:1,(anonymous_29)
DA:1,1
DA:2,1
DA:3,1
DA:4,1
DA:18,1
DA:20,1
DA:32,1
DA:34,4
DA:35,4
DA:36,4
DA:37,4
DA:40,1
DA:41,0
DA:42,0
DA:43,0
DA:46,1
DA:53,1
DA:54,1
DA:58,0
DA:62,0
DA:66,0
DA:67,0
DA:68,0
DA:70,0
DA:71,0
DA:76,2
DA:77,2
DA:78,2
DA:80,0
DA:81,0
DA:86,0
DA:87,0
DA:88,0
DA:90,0
DA:91,0
DA:96,1
DA:97,1
DA:98,1
DA:99,1
DA:101,0
DA:102,0
DA:107,1
DA:108,1
DA:109,1
DA:111,0
DA:112,0
DA:117,0
DA:118,0
DA:119,0
DA:120,0
DA:121,0
DA:125,1
DA:126,1
DA:127,1
DA:129,0
DA:130,0
DA:135,1
DA:136,1
LF:58
LH:30
BRDA:118,0,0,0
BRDA:120,1,0,0
BRF:2
BRH:0
end_of_record
TN:
SF:src\utils\loggers.ts
FNF:0
FNH:0
DA:1,1
DA:4,1
DA:23,1
DA:24,1
DA:25,1
DA:26,1
LF:6
LH:6
BRF:0
BRH:0
end_of_record
TN:
SF:src\utils\mongoConnection.ts
FN:12,(anonymous_8)
FN:17,(anonymous_9)
FN:34,(anonymous_11)
FNF:3
FNH:2
FNDA:1,(anonymous_8)
FNDA:2,(anonymous_9)
FNDA:0,(anonymous_11)
DA:1,1
DA:2,1
DA:4,1
DA:5,1
DA:6,1
DA:13,1
DA:14,1
DA:18,2
DA:19,1
DA:21,1
DA:22,1
DA:23,1
DA:24,1
DA:25,1
DA:26,1
DA:28,0
DA:29,0
DA:31,0
DA:35,0
DA:39,1
DA:40,1
LF:21
LH:17
BRDA:18,0,0,1
BRDA:18,0,1,1
BRF:2
BRH:2
end_of_record
